2025-06-16 19:15:45,283 - INFO - 读取模板名称 306 个：

2025-06-16 19:15:45,303 - INFO - 🔍 [1] 搜索模板名称：橙色现简洁代项目分总结单页
2025-06-16 19:15:45,426 - ERROR - 搜索模板名 '橙色现简洁代项目分总结单页' 时发生异常: 0
2025-06-16 19:15:45,426 - WARNING -     ❌ 未找到匹配模板
2025-06-16 19:15:45,627 - INFO - 🔍 [2] 搜索模板名称：橙色现代项目成果分析单页
2025-06-16 19:15:45,733 - ERROR - 搜索模板名 '橙色现代项目成果分析单页' 时发生异常: 0
2025-06-16 19:15:45,734 - WARNING -     ❌ 未找到匹配模板
2025-06-16 19:15:45,935 - INFO - 🔍 [3] 搜索模板名称：橙色现代工作总结分析单页
2025-06-16 19:15:46,035 - ERROR - 搜索模板名 '橙色现代工作总结分析单页' 时发生异常: 0
2025-06-16 19:15:46,036 - WARNING -     ❌ 未找到匹配模板
2025-06-16 19:15:46,237 - INFO - 🔍 [4] 搜索模板名称：橙色现代工作项目研究分析单页
2025-06-16 19:15:46,336 - ERROR - 搜索模板名 '橙色现代工作项目研究分析单页' 时发生异常: 0
2025-06-16 19:15:46,336 - WARNING -     ❌ 未找到匹配模板
2025-06-16 19:15:46,539 - INFO - 🔍 [5] 搜索模板名称：橙色简洁工作总结单页
2025-06-16 19:15:46,631 - ERROR - 搜索模板名 '橙色简洁工作总结单页' 时发生异常: 0
2025-06-16 19:15:46,632 - WARNING -     ❌ 未找到匹配模板
2025-06-16 19:15:46,832 - INFO - 🔍 [6] 搜索模板名称：橙色现代项目数据分析单页
2025-06-16 19:15:46,937 - ERROR - 搜索模板名 '橙色现代项目数据分析单页' 时发生异常: 0
2025-06-16 19:15:46,937 - WARNING -     ❌ 未找到匹配模板
2025-06-16 19:15:47,138 - INFO - 🔍 [7] 搜索模板名称：橙色现代数据对比分析单页
2025-06-16 19:15:47,233 - ERROR - 搜索模板名 '橙色现代数据对比分析单页' 时发生异常: 0
2025-06-16 19:15:47,233 - WARNING -     ❌ 未找到匹配模板
2025-06-16 19:15:47,433 - INFO - 🔍 [8] 搜索模板名称：橙色现代项目步骤分析单页
2025-06-16 19:15:47,530 - ERROR - 搜索模板名 '橙色现代项目步骤分析单页' 时发生异常: 0
2025-06-16 19:15:47,530 - WARNING -     ❌ 未找到匹配模板
2025-06-16 19:15:47,731 - INFO - 🔍 [9] 搜索模板名称：橙色现代数据分析单页
2025-06-16 19:15:47,825 - ERROR - 搜索模板名 '橙色现代数据分析单页' 时发生异常: 0
2025-06-16 19:15:47,825 - WARNING -     ❌ 未找到匹配模板
2025-06-16 19:15:48,026 - INFO - 🔍 [10] 搜索模板名称：蓝色科技简洁市场营销单页
2025-06-16 19:15:48,131 - ERROR - 搜索模板名 '蓝色科技简洁市场营销单页' 时发生异常: 0
2025-06-16 19:15:48,131 - WARNING -     ❌ 未找到匹配模板
2025-06-16 19:15:48,332 - INFO - 🔍 [11] 搜索模板名称：蓝色现代简洁项目问题分析单页
2025-06-16 19:15:48,426 - ERROR - 搜索模板名 '蓝色现代简洁项目问题分析单页' 时发生异常: 0
2025-06-16 19:15:48,427 - WARNING -     ❌ 未找到匹配模板
2025-06-16 19:15:48,628 - INFO - 🔍 [12] 搜索模板名称：蓝色科技简洁产品汇报单页
2025-06-16 19:15:48,738 - ERROR - 搜索模板名 '蓝色科技简洁产品汇报单页' 时发生异常: 0
2025-06-16 19:15:48,738 - WARNING -     ❌ 未找到匹配模板
2025-06-16 19:15:48,939 - INFO - 🔍 [13] 搜索模板名称：蓝色科技简洁数据分析单页
2025-06-16 19:15:49,033 - ERROR - 搜索模板名 '蓝色科技简洁数据分析单页' 时发生异常: 0
2025-06-16 19:15:49,033 - WARNING -     ❌ 未找到匹配模板
2025-06-16 19:15:49,233 - INFO - 🔍 [14] 搜索模板名称：蓝色科技简洁工作安排单页
2025-06-16 19:15:49,339 - ERROR - 搜索模板名 '蓝色科技简洁工作安排单页' 时发生异常: 0
2025-06-16 19:15:49,339 - WARNING -     ❌ 未找到匹配模板
2025-06-16 19:15:49,540 - INFO - 🔍 [15] 搜索模板名称：蓝色科技简洁数据汇报单页
2025-06-16 19:15:49,627 - ERROR - 搜索模板名 '蓝色科技简洁数据汇报单页' 时发生异常: 0
2025-06-16 19:15:49,628 - WARNING -     ❌ 未找到匹配模板
2025-06-16 19:15:49,829 - INFO - 🔍 [16] 搜索模板名称：蓝色科技简洁项目流程单页
2025-06-16 19:15:49,935 - ERROR - 搜索模板名 '蓝色科技简洁项目流程单页' 时发生异常: 0
2025-06-16 19:15:49,935 - WARNING -     ❌ 未找到匹配模板
2025-06-16 19:15:50,137 - INFO - 🔍 [17] 搜索模板名称：蓝色现代简洁数据单页
2025-06-16 19:15:50,242 - ERROR - 搜索模板名 '蓝色现代简洁数据单页' 时发生异常: 0
2025-06-16 19:15:50,242 - WARNING -     ❌ 未找到匹配模板
2025-06-16 19:15:50,443 - INFO - 🔍 [18] 搜索模板名称：蓝色科技简洁数据对比单页
2025-06-16 19:15:50,527 - ERROR - 搜索模板名 '蓝色科技简洁数据对比单页' 时发生异常: 0
2025-06-16 19:15:50,527 - WARNING -     ❌ 未找到匹配模板
2025-06-16 19:15:50,728 - INFO - 🔍 [19] 搜索模板名称：蓝色科技现代项目进程单页
2025-06-16 19:15:50,842 - ERROR - 搜索模板名 '蓝色科技现代项目进程单页' 时发生异常: 0
2025-06-16 19:15:50,842 - WARNING -     ❌ 未找到匹配模板
2025-06-16 19:15:51,042 - INFO - 🔍 [20] 搜索模板名称：蓝色简洁财报分析单页
2025-06-16 19:15:51,157 - ERROR - 搜索模板名 '蓝色简洁财报分析单页' 时发生异常: 0
2025-06-16 19:15:51,157 - WARNING -     ❌ 未找到匹配模板
2025-06-16 19:15:51,359 - INFO - 🔍 [21] 搜索模板名称：蓝色简洁季度目标单页
2025-06-16 19:15:51,462 - ERROR - 搜索模板名 '蓝色简洁季度目标单页' 时发生异常: 0
2025-06-16 19:15:51,463 - WARNING -     ❌ 未找到匹配模板
2025-06-16 19:15:51,663 - INFO - 🔍 [22] 搜索模板名称：蓝色简洁项目汇报单页
2025-06-16 19:15:51,772 - ERROR - 搜索模板名 '蓝色简洁项目汇报单页' 时发生异常: 0
2025-06-16 19:15:51,772 - WARNING -     ❌ 未找到匹配模板
2025-06-16 19:15:51,974 - INFO - 🔍 [23] 搜索模板名称：蓝色简洁销售数据分析单页
2025-06-16 19:15:52,069 - ERROR - 搜索模板名 '蓝色简洁销售数据分析单页' 时发生异常: 0
2025-06-16 19:15:52,069 - WARNING -     ❌ 未找到匹配模板
2025-06-16 19:15:52,270 - INFO - 🔍 [24] 搜索模板名称：蓝色简洁数据成果单页
2025-06-16 19:15:52,385 - ERROR - 搜索模板名 '蓝色简洁数据成果单页' 时发生异常: 0
2025-06-16 19:15:52,385 - WARNING -     ❌ 未找到匹配模板
2025-06-16 19:15:52,586 - INFO - 🔍 [25] 搜索模板名称：蓝色简洁产品销量分析单页
2025-06-16 19:15:52,691 - ERROR - 搜索模板名 '蓝色简洁产品销量分析单页' 时发生异常: 0
2025-06-16 19:15:52,691 - WARNING -     ❌ 未找到匹配模板
2025-06-16 19:15:52,892 - INFO - 🔍 [26] 搜索模板名称：蓝色简洁数据展示单页
2025-06-16 19:15:52,993 - ERROR - 搜索模板名 '蓝色简洁数据展示单页' 时发生异常: 0
2025-06-16 19:15:52,993 - WARNING -     ❌ 未找到匹配模板
2025-06-16 19:15:53,195 - INFO - 🔍 [27] 搜索模板名称：蓝色简洁数据调查单页
2025-06-16 19:15:53,292 - ERROR - 搜索模板名 '蓝色简洁数据调查单页' 时发生异常: 0
2025-06-16 19:15:53,293 - WARNING -     ❌ 未找到匹配模板
2025-06-16 19:15:53,494 - INFO - 🔍 [28] 搜索模板名称：蓝色简洁活动分析单页
2025-06-16 19:15:53,584 - ERROR - 搜索模板名 '蓝色简洁活动分析单页' 时发生异常: 0
2025-06-16 19:15:53,585 - WARNING -     ❌ 未找到匹配模板
2025-06-16 19:15:53,786 - INFO - 🔍 [29] 搜索模板名称：蓝色简洁数据对比单页
2025-06-16 19:15:53,898 - ERROR - 搜索模板名 '蓝色简洁数据对比单页' 时发生异常: 0
2025-06-16 19:15:53,898 - WARNING -     ❌ 未找到匹配模板
2025-06-16 19:15:54,099 - INFO - 🔍 [30] 搜索模板名称：红橙色现代市场营销单页
2025-06-16 19:15:54,203 - ERROR - 搜索模板名 '红橙色现代市场营销单页' 时发生异常: 0
2025-06-16 19:15:54,203 - WARNING -     ❌ 未找到匹配模板
2025-06-16 19:15:54,405 - INFO - 🔍 [31] 搜索模板名称：红橙色现代销售数据分析单页
2025-06-16 19:15:54,525 - ERROR - 搜索模板名 '红橙色现代销售数据分析单页' 时发生异常: 0
2025-06-16 19:15:54,525 - WARNING -     ❌ 未找到匹配模板
2025-06-16 19:15:54,726 - INFO - 🔍 [32] 搜索模板名称：红橙色现代数据对比单页
2025-06-16 19:15:54,839 - ERROR - 搜索模板名 '红橙色现代数据对比单页' 时发生异常: 0
2025-06-16 19:15:54,839 - WARNING -     ❌ 未找到匹配模板
2025-06-16 19:15:55,041 - INFO - 🔍 [33] 搜索模板名称：红橙色简洁数据分析单页
2025-06-16 19:15:55,128 - ERROR - 搜索模板名 '红橙色简洁数据分析单页' 时发生异常: 0
2025-06-16 19:15:55,128 - WARNING -     ❌ 未找到匹配模板
2025-06-16 19:15:55,328 - INFO - 🔍 [34] 搜索模板名称：红橙色现代项目汇报单页
2025-06-16 19:15:55,421 - ERROR - 搜索模板名 '红橙色现代项目汇报单页' 时发生异常: 0
2025-06-16 19:15:55,421 - WARNING -     ❌ 未找到匹配模板
2025-06-16 19:15:55,622 - INFO - 🔍 [35] 搜索模板名称：红橙色现代工作分析单页
2025-06-16 19:15:55,718 - ERROR - 搜索模板名 '红橙色现代工作分析单页' 时发生异常: 0
2025-06-16 19:15:55,719 - WARNING -     ❌ 未找到匹配模板
2025-06-16 19:15:55,919 - INFO - 🔍 [36] 搜索模板名称：红橙色现代市场数据分析单页
2025-06-16 19:15:56,059 - ERROR - 搜索模板名 '红橙色现代市场数据分析单页' 时发生异常: 0
2025-06-16 19:15:56,059 - WARNING -     ❌ 未找到匹配模板
2025-06-16 19:15:56,261 - INFO - 🔍 [37] 搜索模板名称：红橙色现代工作进程分析单页
2025-06-16 19:15:56,377 - ERROR - 搜索模板名 '红橙色现代工作进程分析单页' 时发生异常: 0
2025-06-16 19:15:56,377 - WARNING -     ❌ 未找到匹配模板
2025-06-16 19:15:56,578 - INFO - 🔍 [38] 搜索模板名称：红橙色现代数据汇报单页
2025-06-16 19:15:56,696 - ERROR - 搜索模板名 '红橙色现代数据汇报单页' 时发生异常: 0
2025-06-16 19:15:56,696 - WARNING -     ❌ 未找到匹配模板
2025-06-16 19:15:56,897 - INFO - 🔍 [39] 搜索模板名称：红橙色现代产品销量分析单页
2025-06-16 19:15:56,989 - ERROR - 搜索模板名 '红橙色现代产品销量分析单页' 时发生异常: 0
2025-06-16 19:15:56,989 - WARNING -     ❌ 未找到匹配模板
2025-06-16 19:15:57,190 - INFO - 🔍 [40] 搜索模板名称：绿橙色科技数据分析单页
2025-06-16 19:15:57,318 - ERROR - 搜索模板名 '绿橙色科技数据分析单页' 时发生异常: 0
2025-06-16 19:15:57,318 - WARNING -     ❌ 未找到匹配模板
2025-06-16 19:15:57,519 - INFO - 🔍 [41] 搜索模板名称：绿色科技市场营销单页
2025-06-16 19:15:57,623 - ERROR - 搜索模板名 '绿色科技市场营销单页' 时发生异常: 0
2025-06-16 19:15:57,623 - WARNING -     ❌ 未找到匹配模板
2025-06-16 19:15:57,825 - INFO - 🔍 [42] 搜索模板名称：绿色科技项目汇报单页
2025-06-16 19:15:57,915 - ERROR - 搜索模板名 '绿色科技项目汇报单页' 时发生异常: 0
2025-06-16 19:15:57,915 - WARNING -     ❌ 未找到匹配模板
2025-06-16 19:15:58,117 - INFO - 🔍 [43] 搜索模板名称：绿色科技工作汇报单页
2025-06-16 19:15:58,218 - ERROR - 搜索模板名 '绿色科技工作汇报单页' 时发生异常: 0
2025-06-16 19:15:58,218 - WARNING -     ❌ 未找到匹配模板
2025-06-16 19:15:58,419 - INFO - 🔍 [44] 搜索模板名称：绿色科技数据分析单页
2025-06-16 19:15:58,517 - ERROR - 搜索模板名 '绿色科技数据分析单页' 时发生异常: 0
2025-06-16 19:15:58,517 - WARNING -     ❌ 未找到匹配模板
2025-06-16 19:15:58,718 - INFO - 🔍 [45] 搜索模板名称：绿橙色科技市场营销单页
2025-06-16 19:15:58,802 - ERROR - 搜索模板名 '绿橙色科技市场营销单页' 时发生异常: 0
2025-06-16 19:15:58,802 - WARNING -     ❌ 未找到匹配模板
2025-06-16 19:15:59,003 - INFO - 🔍 [46] 搜索模板名称：绿色科技数据整理单页
2025-06-16 19:15:59,114 - ERROR - 搜索模板名 '绿色科技数据整理单页' 时发生异常: 0
2025-06-16 19:15:59,114 - WARNING -     ❌ 未找到匹配模板
2025-06-16 19:15:59,316 - INFO - 🔍 [47] 搜索模板名称：绿色科技数据调查单页
2025-06-16 19:15:59,403 - ERROR - 搜索模板名 '绿色科技数据调查单页' 时发生异常: 0
2025-06-16 19:15:59,404 - WARNING -     ❌ 未找到匹配模板
2025-06-16 19:15:59,605 - INFO - 🔍 [48] 搜索模板名称：绿橙色科技销售分析单页
2025-06-16 19:15:59,715 - ERROR - 搜索模板名 '绿橙色科技销售分析单页' 时发生异常: 0
2025-06-16 19:15:59,716 - WARNING -     ❌ 未找到匹配模板
2025-06-16 19:15:59,917 - INFO - 🔍 [49] 搜索模板名称：绿橙色科技用户数据分析单页
2025-06-16 19:16:00,030 - ERROR - 搜索模板名 '绿橙色科技用户数据分析单页' 时发生异常: 0
2025-06-16 19:16:00,030 - WARNING -     ❌ 未找到匹配模板
2025-06-16 19:16:00,231 - INFO - 🔍 [50] 搜索模板名称：浅蓝现代科技市场营销教育培训单页
2025-06-16 19:16:00,338 - ERROR - 搜索模板名 '浅蓝现代科技市场营销教育培训单页' 时发生异常: 0
2025-06-16 19:16:00,339 - WARNING -     ❌ 未找到匹配模板
2025-06-16 19:16:00,539 - INFO - 🔍 [51] 搜索模板名称：浅蓝简洁现代工作总结教育培训
2025-06-16 19:16:00,643 - ERROR - 搜索模板名 '浅蓝简洁现代工作总结教育培训' 时发生异常: 0
2025-06-16 19:16:00,643 - WARNING -     ❌ 未找到匹配模板
2025-06-16 19:16:00,843 - INFO - 🔍 [52] 搜索模板名称：蓝色简洁科技工作简洁市场营销
2025-06-16 19:16:00,940 - ERROR - 搜索模板名 '蓝色简洁科技工作简洁市场营销' 时发生异常: 0
2025-06-16 19:16:00,940 - WARNING -     ❌ 未找到匹配模板
2025-06-16 19:16:01,141 - INFO - 🔍 [53] 搜索模板名称：蓝色科技简洁教育培训市场营销
2025-06-16 19:16:01,253 - ERROR - 搜索模板名 '蓝色科技简洁教育培训市场营销' 时发生异常: 0
2025-06-16 19:16:01,253 - WARNING -     ❌ 未找到匹配模板
2025-06-16 19:16:01,455 - INFO - 🔍 [54] 搜索模板名称：蓝绿科技现代工作总结单页
2025-06-16 19:16:01,558 - ERROR - 搜索模板名 '蓝绿科技现代工作总结单页' 时发生异常: 0
2025-06-16 19:16:01,558 - WARNING -     ❌ 未找到匹配模板
2025-06-16 19:16:01,759 - INFO - 🔍 [55] 搜索模板名称：蓝色简洁现代工作总结市场营销
2025-06-16 19:16:01,849 - ERROR - 搜索模板名 '蓝色简洁现代工作总结市场营销' 时发生异常: 0
2025-06-16 19:16:01,849 - WARNING -     ❌ 未找到匹配模板
2025-06-16 19:16:02,050 - INFO - 🔍 [56] 搜索模板名称：蓝色简洁现代教育培训市场营销
2025-06-16 19:16:02,161 - ERROR - 搜索模板名 '蓝色简洁现代教育培训市场营销' 时发生异常: 0
2025-06-16 19:16:02,161 - WARNING -     ❌ 未找到匹配模板
2025-06-16 19:16:02,361 - INFO - 🔍 [57] 搜索模板名称：蓝色现代项目汇报教育培训
2025-06-16 19:16:02,494 - ERROR - 搜索模板名 '蓝色现代项目汇报教育培训' 时发生异常: 0
2025-06-16 19:16:02,494 - WARNING -     ❌ 未找到匹配模板
2025-06-16 19:16:02,695 - INFO - 🔍 [58] 搜索模板名称：蓝绿简洁科技市场营销研究报告单页
2025-06-16 19:16:02,817 - ERROR - 搜索模板名 '蓝绿简洁科技市场营销研究报告单页' 时发生异常: 0
2025-06-16 19:16:02,818 - WARNING -     ❌ 未找到匹配模板
2025-06-16 19:16:03,018 - INFO - 🔍 [59] 搜索模板名称：蓝色科技工作总结市场营销单页
2025-06-16 19:16:03,107 - ERROR - 搜索模板名 '蓝色科技工作总结市场营销单页' 时发生异常: 0
2025-06-16 19:16:03,107 - WARNING -     ❌ 未找到匹配模板
2025-06-16 19:16:03,308 - INFO - 🔍 [60] 搜索模板名称：橙红现代研究报告单页
2025-06-16 19:16:03,404 - ERROR - 搜索模板名 '橙红现代研究报告单页' 时发生异常: 0
2025-06-16 19:16:03,404 - WARNING -     ❌ 未找到匹配模板
2025-06-16 19:16:03,605 - INFO - 🔍 [61] 搜索模板名称：橙蓝现代工作总结市场营销
2025-06-16 19:16:03,707 - ERROR - 搜索模板名 '橙蓝现代工作总结市场营销' 时发生异常: 0
2025-06-16 19:16:03,707 - WARNING -     ❌ 未找到匹配模板
2025-06-16 19:16:03,908 - INFO - 🔍 [62] 搜索模板名称：橙色现代简洁工作总结研究报告单页
2025-06-16 19:16:04,016 - ERROR - 搜索模板名 '橙色现代简洁工作总结研究报告单页' 时发生异常: 0
2025-06-16 19:16:04,016 - WARNING -     ❌ 未找到匹配模板
2025-06-16 19:16:04,216 - INFO - 🔍 [63] 搜索模板名称：橙红现代工作总结研究报告单页
2025-06-16 19:16:04,312 - ERROR - 搜索模板名 '橙红现代工作总结研究报告单页' 时发生异常: 0
2025-06-16 19:16:04,312 - WARNING -     ❌ 未找到匹配模板
2025-06-16 19:16:04,514 - INFO - 🔍 [64] 搜索模板名称：橙红科技市场营销研究报告
2025-06-16 19:16:04,608 - ERROR - 搜索模板名 '橙红科技市场营销研究报告' 时发生异常: 0
2025-06-16 19:16:04,608 - WARNING -     ❌ 未找到匹配模板
2025-06-16 19:16:04,810 - INFO - 🔍 [65] 搜索模板名称：橙色科技简洁工作总结
2025-06-16 19:16:04,910 - ERROR - 搜索模板名 '橙色科技简洁工作总结' 时发生异常: 0
2025-06-16 19:16:04,910 - WARNING -     ❌ 未找到匹配模板
2025-06-16 19:16:05,112 - INFO - 🔍 [66] 搜索模板名称：橙红现代简洁研究报告
2025-06-16 19:16:05,216 - ERROR - 搜索模板名 '橙红现代简洁研究报告' 时发生异常: 0
2025-06-16 19:16:05,216 - WARNING -     ❌ 未找到匹配模板
2025-06-16 19:16:05,417 - INFO - 🔍 [67] 搜索模板名称：橙色现代科技市场营销工作总结
2025-06-16 19:16:05,517 - ERROR - 搜索模板名 '橙色现代科技市场营销工作总结' 时发生异常: 0
2025-06-16 19:16:05,517 - WARNING -     ❌ 未找到匹配模板
2025-06-16 19:16:05,718 - INFO - 🔍 [68] 搜索模板名称：橙红简洁市场营销研究报告
2025-06-16 19:16:05,816 - ERROR - 搜索模板名 '橙红简洁市场营销研究报告' 时发生异常: 0
2025-06-16 19:16:05,816 - WARNING -     ❌ 未找到匹配模板
2025-06-16 19:16:06,018 - INFO - 🔍 [69] 搜索模板名称：蓝绿科技简洁数据分析单页
2025-06-16 19:16:06,137 - ERROR - 搜索模板名 '蓝绿科技简洁数据分析单页' 时发生异常: 0
2025-06-16 19:16:06,138 - WARNING -     ❌ 未找到匹配模板
2025-06-16 19:16:06,338 - INFO - 🔍 [70] 搜索模板名称：蓝绿科技简洁市场营销单页
2025-06-16 19:16:06,438 - ERROR - 搜索模板名 '蓝绿科技简洁市场营销单页' 时发生异常: 0
2025-06-16 19:16:06,438 - WARNING -     ❌ 未找到匹配模板
2025-06-16 19:16:06,639 - INFO - 🔍 [71] 搜索模板名称：蓝绿科技简洁项目分析单页
2025-06-16 19:16:06,713 - ERROR - 搜索模板名 '蓝绿科技简洁项目分析单页' 时发生异常: 0
2025-06-16 19:16:06,713 - WARNING -     ❌ 未找到匹配模板
2025-06-16 19:16:06,914 - INFO - 🔍 [72] 搜索模板名称：蓝绿科技简洁市场营销报告单页
2025-06-16 19:16:07,013 - ERROR - 搜索模板名 '蓝绿科技简洁市场营销报告单页' 时发生异常: 0
2025-06-16 19:16:07,013 - WARNING -     ❌ 未找到匹配模板
2025-06-16 19:16:07,214 - INFO - 🔍 [73] 搜索模板名称：蓝绿科技简洁工作汇报单页
2025-06-16 19:16:07,316 - ERROR - 搜索模板名 '蓝绿科技简洁工作汇报单页' 时发生异常: 0
2025-06-16 19:16:07,316 - WARNING -     ❌ 未找到匹配模板
2025-06-16 19:16:07,518 - INFO - 🔍 [74] 搜索模板名称：红色现代研究流程报告单页
2025-06-16 19:16:07,631 - ERROR - 搜索模板名 '红色现代研究流程报告单页' 时发生异常: 0
2025-06-16 19:16:07,631 - WARNING -     ❌ 未找到匹配模板
2025-06-16 19:16:07,832 - INFO - 🔍 [75] 搜索模板名称：红蓝现代简洁研究方法报告
2025-06-16 19:16:07,919 - ERROR - 搜索模板名 '红蓝现代简洁研究方法报告' 时发生异常: 0
2025-06-16 19:16:07,919 - WARNING -     ❌ 未找到匹配模板
