2025-06-17 09:34:29,108 - INFO - 开始获取模板数据...
2025-06-17 09:34:30,512 - INFO - 共获取到 305 个模板
2025-06-17 09:34:30,512 - INFO - ✅ 没有发现重复的模板名
2025-06-17 09:34:31,410 - WARNING - 发现相似的模板名：
2025-06-17 09:34:31,410 - WARNING - 橙色现代项目步骤分析单页 与 橙色现代项目成果分析单页 相似度: 0.83
2025-06-17 09:34:31,410 - WARNING - 橙色现代项目步骤分析单页 与 橙色现代项目数据分析单页 相似度: 0.83
2025-06-17 09:34:31,410 - WARNING - 深色简洁生产管理物业监控大屏 与 深色科技生产管理物业监控大屏 相似度: 0.86
2025-06-17 09:34:31,411 - WARNING - 折线+分组柱状混合图 与 折线+堆叠柱状混合图 相似度: 0.80
2025-06-17 09:34:31,411 - WARNING - 蓝绿科技简洁市场营销报告单页 与 蓝色科技简洁市场营销单页 相似度: 0.85
2025-06-17 09:34:31,411 - WARNING - 蓝绿科技简洁市场营销报告单页 与 蓝绿简洁科技市场营销研究报告单页 相似度: 0.80
2025-06-17 09:34:31,411 - WARNING - 蓝绿科技简洁市场营销报告单页 与 蓝绿科技简洁市场营销单页 相似度: 0.92
2025-06-17 09:34:31,411 - WARNING - 深色简洁销售看板 与 深色简洁电商直播销售看板 相似度: 0.80
2025-06-17 09:34:31,411 - WARNING - 深色简洁销售看板 与 深色简洁健身数据销售看板 相似度: 0.80
2025-06-17 09:34:31,411 - WARNING - 深色简洁销售看板 与 深色简洁健康数据销售看板 相似度: 0.80
2025-06-17 09:34:31,411 - WARNING - 深色科技汽车销售看板 与 深蓝色现代科技汽车销售看板 相似度: 0.87
2025-06-17 09:34:31,411 - WARNING - 橙色现代项目成果分析单页 与 橙色现代项目数据分析单页 相似度: 0.83
2025-06-17 09:34:31,411 - WARNING - 橙色现代工作总结分析单页 与 红橙色现代工作分析单页 相似度: 0.87
2025-06-17 09:34:31,411 - WARNING - 橙色现代工作总结分析单页 与 红橙色现代工作进程分析单页 相似度: 0.80
2025-06-17 09:34:31,412 - WARNING - 橙色现代工作项目研究分析单页 与 红橙色现代工作分析单页 相似度: 0.80
2025-06-17 09:34:31,412 - WARNING - 橙色简洁工作总结单页 与 橙色科技简洁工作总结 相似度: 0.80
2025-06-17 09:34:31,412 - WARNING - 橙色现代项目数据分析单页 与 橙色现代数据对比分析单页 相似度: 0.83
2025-06-17 09:34:31,412 - WARNING - 橙色现代项目数据分析单页 与 橙色现代数据分析单页 相似度: 0.91
2025-06-17 09:34:31,412 - WARNING - 橙色现代项目数据分析单页 与 红橙色现代销售数据分析单页 相似度: 0.80
2025-06-17 09:34:31,412 - WARNING - 橙色现代项目数据分析单页 与 红橙色现代市场数据分析单页 相似度: 0.80
2025-06-17 09:34:31,412 - WARNING - 橙色现代数据对比分析单页 与 橙色现代数据分析单页 相似度: 0.91
2025-06-17 09:34:31,412 - WARNING - 橙色现代数据对比分析单页 与 红橙色现代销售数据分析单页 相似度: 0.80
2025-06-17 09:34:31,412 - WARNING - 橙色现代数据对比分析单页 与 红橙色现代数据对比单页 相似度: 0.87
2025-06-17 09:34:31,412 - WARNING - 橙色现代数据对比分析单页 与 红橙色现代市场数据分析单页 相似度: 0.80
2025-06-17 09:34:31,412 - WARNING - 橙色现代数据分析单页 与 红橙色现代销售数据分析单页 相似度: 0.87
2025-06-17 09:34:31,412 - WARNING - 橙色现代数据分析单页 与 红橙色现代市场数据分析单页 相似度: 0.87
2025-06-17 09:34:31,412 - WARNING - 蓝色科技简洁市场营销单页 与 绿色科技市场营销单页 相似度: 0.82
2025-06-17 09:34:31,412 - WARNING - 蓝色科技简洁市场营销单页 与 蓝绿科技简洁市场营销单页 相似度: 0.92
2025-06-17 09:34:31,412 - WARNING - 绿色简洁健康数据销售看板 与 深色简洁健身数据销售看板 相似度: 0.83
2025-06-17 09:34:31,412 - WARNING - 绿色简洁健康数据销售看板 与 深色简洁健康数据销售看板 相似度: 0.92
2025-06-17 09:34:31,412 - WARNING - 蓝色科技简洁产品汇报单页 与 蓝色科技简洁数据汇报单页 相似度: 0.83
2025-06-17 09:34:31,412 - WARNING - 蓝色科技简洁数据分析单页 与 蓝色科技简洁数据汇报单页 相似度: 0.83
2025-06-17 09:34:31,416 - WARNING - 蓝色科技简洁数据分析单页 与 蓝色科技简洁数据对比单页 相似度: 0.83
2025-06-17 09:34:31,416 - WARNING - 蓝色科技简洁数据分析单页 与 蓝色简洁销售数据分析单页 相似度: 0.83
2025-06-17 09:34:31,416 - WARNING - 蓝色科技简洁数据分析单页 与 绿色科技数据分析单页 相似度: 0.82
2025-06-17 09:34:31,416 - WARNING - 蓝色科技简洁数据分析单页 与 蓝绿科技简洁数据分析单页 相似度: 0.92
2025-06-17 09:34:31,416 - WARNING - 堆叠面积图 与 层叠面积图 相似度: 0.80
2025-06-17 09:34:31,416 - WARNING - 深色简洁健身数据销售看板 与 深色简洁健康数据销售看板 相似度: 0.92
2025-06-17 09:34:31,416 - WARNING - 蓝色科技简洁数据汇报单页 与 蓝色科技简洁数据对比单页 相似度: 0.83
2025-06-17 09:34:31,416 - WARNING - 蓝色现代简洁数据单页 与 蓝色简洁数据成果单页 相似度: 0.80
2025-06-17 09:34:31,416 - WARNING - 蓝色现代简洁数据单页 与 蓝色简洁数据展示单页 相似度: 0.80
2025-06-17 09:34:31,416 - WARNING - 蓝色现代简洁数据单页 与 蓝色简洁数据调查单页 相似度: 0.80
2025-06-17 09:34:31,416 - WARNING - 蓝色现代简洁数据单页 与 蓝色简洁数据对比单页 相似度: 0.80
2025-06-17 09:34:31,416 - WARNING - 蓝色科技简洁数据对比单页 与 蓝色简洁数据对比单页 相似度: 0.91
2025-06-17 09:34:31,416 - WARNING - 蓝色简洁财报分析单页 与 蓝色简洁活动分析单页 相似度: 0.80
2025-06-17 09:34:31,417 - WARNING - 浅紫色现代美妆年中数据销售看板 与 紫橙现代美妆年中数据销售看板 相似度: 0.90
2025-06-17 09:34:31,417 - WARNING - 蓝色简洁数据成果单页 与 蓝色简洁数据展示单页 相似度: 0.80
2025-06-17 09:34:31,417 - WARNING - 蓝色简洁数据成果单页 与 蓝色简洁数据调查单页 相似度: 0.80
2025-06-17 09:34:31,417 - WARNING - 蓝色简洁数据成果单页 与 蓝色简洁数据对比单页 相似度: 0.80
2025-06-17 09:34:31,417 - WARNING - 江苏省地图 与 浙江省地图 相似度: 0.80
2025-06-17 09:34:31,417 - WARNING - 蓝色简洁数据展示单页 与 蓝色简洁数据调查单页 相似度: 0.80
2025-06-17 09:34:31,417 - WARNING - 蓝色简洁数据展示单页 与 蓝色简洁数据对比单页 相似度: 0.80
2025-06-17 09:34:31,417 - WARNING - 蓝色简洁数据调查单页 与 蓝色简洁数据对比单页 相似度: 0.80
2025-06-17 09:34:31,417 - WARNING - 广州市地图 与 杭州市地图 相似度: 0.80
2025-06-17 09:34:31,417 - WARNING - 红橙色现代销售数据分析单页 与 红橙色现代市场数据分析单页 相似度: 0.85
2025-06-17 09:34:31,417 - WARNING - 红橙色现代数据对比单页 与 红橙色现代数据汇报单页 相似度: 0.82
2025-06-17 09:34:31,417 - WARNING - 红橙色现代项目汇报单页 与 红橙色现代数据汇报单页 相似度: 0.82
2025-06-17 09:34:31,417 - WARNING - 红橙色现代工作分析单页 与 红橙色现代工作进程分析单页 相似度: 0.92
2025-06-17 09:34:31,417 - WARNING - 绿橙色科技数据分析单页 与 绿色科技数据分析单页 相似度: 0.95
2025-06-17 09:34:31,417 - WARNING - 绿橙色科技数据分析单页 与 绿橙色科技销售分析单页 相似度: 0.82
2025-06-17 09:34:31,417 - WARNING - 绿橙色科技数据分析单页 与 绿橙色科技用户数据分析单页 相似度: 0.92
2025-06-17 09:34:31,417 - WARNING - 绿色科技市场营销单页 与 绿橙色科技市场营销单页 相似度: 0.95
2025-06-17 09:34:31,417 - WARNING - 绿色科技市场营销单页 与 蓝绿科技简洁市场营销单页 相似度: 0.82
2025-06-17 09:34:31,418 - WARNING - 绿色科技项目汇报单页 与 绿色科技工作汇报单页 相似度: 0.80
2025-06-17 09:34:31,418 - WARNING - 绿色科技工作汇报单页 与 蓝绿科技简洁工作汇报单页 相似度: 0.82
2025-06-17 09:34:31,418 - WARNING - 绿色科技数据分析单页 与 绿色科技数据整理单页 相似度: 0.80
2025-06-17 09:34:31,418 - WARNING - 绿色科技数据分析单页 与 绿色科技数据调查单页 相似度: 0.80
2025-06-17 09:34:31,418 - WARNING - 绿色科技数据分析单页 与 绿橙色科技用户数据分析单页 相似度: 0.87
2025-06-17 09:34:31,418 - WARNING - 绿色科技数据分析单页 与 蓝绿科技简洁数据分析单页 相似度: 0.82
2025-06-17 09:34:31,418 - WARNING - 绿色科技数据整理单页 与 绿色科技数据调查单页 相似度: 0.80
2025-06-17 09:34:31,418 - WARNING - 蓝色科技简洁教育培训市场营销 与 蓝色简洁现代教育培训市场营销 相似度: 0.86
2025-06-17 09:34:31,418 - WARNING - 蓝色简洁现代工作总结市场营销 与 橙蓝现代工作总结市场营销 相似度: 0.85
2025-06-17 09:34:31,418 - WARNING - 橙红现代研究报告单页 与 橙红现代工作总结研究报告单页 相似度: 0.83
2025-06-17 09:34:31,418 - WARNING - 橙红现代研究报告单页 与 橙红现代简洁研究报告 相似度: 0.80
2025-06-17 09:34:31,418 - WARNING - 橙红现代研究报告单页 与 红色现代研究流程报告单页 相似度: 0.82
2025-06-17 09:34:31,418 - WARNING - 橙色现代简洁工作总结研究报告单页 与 橙红现代工作总结研究报告单页 相似度: 0.87
2025-06-17 09:34:31,418 - WARNING - 橙红科技市场营销研究报告 与 橙红简洁市场营销研究报告 相似度: 0.83
2025-06-17 09:34:31,418 - WARNING - 橙红现代简洁研究报告 与 红蓝现代简洁研究方法报告 相似度: 0.82
2025-06-17 09:34:31,418 - WARNING - 橙红现代简洁研究报告 与 红蓝现代简洁研究背景报告 相似度: 0.82
2025-06-17 09:34:31,418 - WARNING - 蓝绿科技简洁数据分析单页 与 蓝绿科技简洁项目分析单页 相似度: 0.83
2025-06-17 09:34:31,418 - WARNING - 红蓝现代简洁研究方法报告 与 红蓝现代简洁研究背景报告 相似度: 0.83
2025-06-17 09:34:31,419 - WARNING - 红色现代研究背景报告 与 红蓝现代简洁研究背景报告 相似度: 0.82
2025-06-17 09:34:31,419 - WARNING - 蓝橙现代学习成果研究报告 与 蓝橙现代教学成果研究报告 相似度: 0.92
2025-06-17 09:34:31,419 - WARNING - 橙色浅色现代电商数据市场营销 与 橙色浅色现代简洁20XX电商数据市场营销 相似度: 0.82
2025-06-17 09:34:31,419 - WARNING - 绿色浅色现代付费用户画像研究报告 与 绿浅色现代简洁付费用户画像市场研究报告 相似度: 0.86
2025-06-17 09:34:31,419 - WARNING - 浅蓝色简洁职业规划研究报告总结 与 蓝白色简洁职业规划研究报告工作总结 相似度: 0.88
2025-06-17 09:34:31,419 - INFO - 模板分类统计：
2025-06-17 09:34:31,421 - INFO - 分析结果已导出到文件
